[ 2017-06-26T14:41:32+08:00 ] 127.0.0.1 /index.php/user/index/is_login
INFO: [ app_begin ] --START--
INFO: Run Behavior\ReadHtmlCacheBehavior [ RunTime:0.000266s ]
INFO: Run Behavior\CheckLangBehavior [ RunTime:0.000231s ]
INFO: Run Common\Behavior\UrldecodeGetBehavior [ RunTime:0.000069s ]
INFO: [ app_begin ] --END-- [ RunTime:0.000805s ]
NOTIC: [8] Undefined index: url /Applications/XAMPP/xamppfiles/htdocs/yuanwei/application/Common/Controller/AppframeController.class.php 第 22 行.

[ 2017-06-26T14:42:24+08:00 ] 127.0.0.1 /index.php/user/index/is_login
INFO: [ app_begin ] --START--
INFO: Run Behavior\ReadHtmlCacheBehavior [ RunTime:0.000233s ]
INFO: Run Behavior\CheckLangBehavior [ RunTime:0.000216s ]
INFO: Run Common\Behavior\UrldecodeGetBehavior [ RunTime:0.000067s ]
INFO: [ app_begin ] --END-- [ RunTime:0.000739s ]
NOTIC: [8] Undefined index: url /Applications/XAMPP/xamppfiles/htdocs/yuanwei/application/Common/Controller/AppframeController.class.php 第 22 行.

[ 2017-06-26T14:42:26+08:00 ] 127.0.0.1 /index.php/user/index/is_login
INFO: [ app_begin ] --START--
INFO: Run Behavior\ReadHtmlCacheBehavior [ RunTime:0.000458s ]
INFO: Run Behavior\CheckLangBehavior [ RunTime:0.000536s ]
INFO: Run Common\Behavior\UrldecodeGetBehavior [ RunTime:0.000156s ]
INFO: [ app_begin ] --END-- [ RunTime:0.001593s ]
NOTIC: [8] Undefined index: url /Applications/XAMPP/xamppfiles/htdocs/yuanwei/application/Common/Controller/AppframeController.class.php 第 22 行.

[ 2017-06-26T14:42:49+08:00 ] 127.0.0.1 /index.php/user/index/is_login
INFO: [ app_begin ] --START--
INFO: Run Behavior\ReadHtmlCacheBehavior [ RunTime:0.000232s ]
INFO: Run Behavior\CheckLangBehavior [ RunTime:0.000214s ]
INFO: Run Common\Behavior\UrldecodeGetBehavior [ RunTime:0.000066s ]
INFO: [ app_begin ] --END-- [ RunTime:0.000729s ]
NOTIC: [8] Undefined index: url /Applications/XAMPP/xamppfiles/htdocs/yuanwei/application/Common/Controller/AppframeController.class.php 第 22 行.

[ 2017-06-26T14:43:12+08:00 ] 127.0.0.1 /index.php/user/index/is_login
INFO: [ app_begin ] --START--
INFO: Run Behavior\ReadHtmlCacheBehavior [ RunTime:0.000229s ]
INFO: Run Behavior\CheckLangBehavior [ RunTime:0.000211s ]
INFO: Run Common\Behavior\UrldecodeGetBehavior [ RunTime:0.000065s ]
INFO: [ app_begin ] --END-- [ RunTime:0.000725s ]
NOTIC: [8] Undefined index: url /Applications/XAMPP/xamppfiles/htdocs/yuanwei/application/Common/Controller/AppframeController.class.php 第 22 行.

[ 2017-06-26T14:43:46+08:00 ] 127.0.0.1 /index.php/user/index/is_login
INFO: [ app_begin ] --START--
INFO: Run Behavior\ReadHtmlCacheBehavior [ RunTime:0.000253s ]
INFO: Run Behavior\CheckLangBehavior [ RunTime:0.000238s ]
INFO: Run Common\Behavior\UrldecodeGetBehavior [ RunTime:0.000079s ]
INFO: [ app_begin ] --END-- [ RunTime:0.000805s ]
NOTIC: [8] Undefined index: url /Applications/XAMPP/xamppfiles/htdocs/yuanwei/application/Common/Controller/AppframeController.class.php 第 22 行.

[ 2017-06-26T14:44:11+08:00 ] 127.0.0.1 /index.php/user/index/is_login
INFO: [ app_begin ] --START--
INFO: Run Behavior\ReadHtmlCacheBehavior [ RunTime:0.000425s ]
INFO: Run Behavior\CheckLangBehavior [ RunTime:0.000258s ]
INFO: Run Common\Behavior\UrldecodeGetBehavior [ RunTime:0.000069s ]
INFO: [ app_begin ] --END-- [ RunTime:0.001097s ]
NOTIC: [8] Undefined index: url /Applications/XAMPP/xamppfiles/htdocs/yuanwei/application/Common/Controller/AppframeController.class.php 第 22 行.

[ 2017-06-26T14:45:49+08:00 ] 127.0.0.1 /index.php/user/index/is_login
INFO: [ app_begin ] --START--
INFO: Run Behavior\ReadHtmlCacheBehavior [ RunTime:0.000242s ]
INFO: Run Behavior\CheckLangBehavior [ RunTime:0.000219s ]
INFO: Run Common\Behavior\UrldecodeGetBehavior [ RunTime:0.000066s ]
INFO: [ app_begin ] --END-- [ RunTime:0.000767s ]
NOTIC: [8] Undefined index: url /Applications/XAMPP/xamppfiles/htdocs/yuanwei/application/Common/Controller/AppframeController.class.php 第 22 行.

[ 2017-06-26T14:46:20+08:00 ] 127.0.0.1 /index.php/user/index/is_login
INFO: [ app_begin ] --START--
INFO: Run Behavior\ReadHtmlCacheBehavior [ RunTime:0.000236s ]
INFO: Run Behavior\CheckLangBehavior [ RunTime:0.000225s ]
INFO: Run Common\Behavior\UrldecodeGetBehavior [ RunTime:0.000067s ]
INFO: [ app_begin ] --END-- [ RunTime:0.000751s ]
NOTIC: [8] Undefined index: url /Applications/XAMPP/xamppfiles/htdocs/yuanwei/application/Common/Controller/AppframeController.class.php 第 22 行.

[ 2017-06-26T14:47:34+08:00 ] 127.0.0.1 /index.php/user/index/is_login
INFO: [ app_begin ] --START--
INFO: Run Behavior\ReadHtmlCacheBehavior [ RunTime:0.000239s ]
INFO: Run Behavior\CheckLangBehavior [ RunTime:0.000229s ]
INFO: Run Common\Behavior\UrldecodeGetBehavior [ RunTime:0.000069s ]
INFO: [ app_begin ] --END-- [ RunTime:0.000767s ]
NOTIC: [8] Undefined index: url /Applications/XAMPP/xamppfiles/htdocs/yuanwei/application/Common/Controller/AppframeController.class.php 第 22 行.

[ 2017-06-26T14:47:55+08:00 ] 127.0.0.1 /index.php/user/index/is_login
INFO: [ app_begin ] --START--
INFO: Run Behavior\ReadHtmlCacheBehavior [ RunTime:0.000229s ]
INFO: Run Behavior\CheckLangBehavior [ RunTime:0.000223s ]
INFO: Run Common\Behavior\UrldecodeGetBehavior [ RunTime:0.000070s ]
INFO: [ app_begin ] --END-- [ RunTime:0.000731s ]
NOTIC: [8] Undefined index: url /Applications/XAMPP/xamppfiles/htdocs/yuanwei/application/Common/Controller/AppframeController.class.php 第 22 行.

[ 2017-06-26T14:50:15+08:00 ] 127.0.0.1 /index.php/user/index/is_login
INFO: [ app_begin ] --START--
INFO: Run Behavior\ReadHtmlCacheBehavior [ RunTime:0.000229s ]
INFO: Run Behavior\CheckLangBehavior [ RunTime:0.000216s ]
INFO: Run Common\Behavior\UrldecodeGetBehavior [ RunTime:0.000066s ]
INFO: [ app_begin ] --END-- [ RunTime:0.000729s ]
NOTIC: [8] Undefined index: url /Applications/XAMPP/xamppfiles/htdocs/yuanwei/application/Common/Controller/AppframeController.class.php 第 22 行.

[ 2017-06-26T14:50:51+08:00 ] 127.0.0.1 /index.php/user/index/is_login
INFO: [ app_begin ] --START--
INFO: Run Behavior\ReadHtmlCacheBehavior [ RunTime:0.000243s ]
INFO: Run Behavior\CheckLangBehavior [ RunTime:0.000236s ]
INFO: Run Common\Behavior\UrldecodeGetBehavior [ RunTime:0.000069s ]
INFO: [ app_begin ] --END-- [ RunTime:0.000769s ]
NOTIC: [8] Undefined index: url /Applications/XAMPP/xamppfiles/htdocs/yuanwei/application/Common/Controller/AppframeController.class.php 第 22 行.

[ 2017-06-26T14:52:45+08:00 ] 127.0.0.1 /index.php/user/index/is_login
INFO: [ app_begin ] --START--
INFO: Run Behavior\ReadHtmlCacheBehavior [ RunTime:0.000245s ]
INFO: Run Behavior\CheckLangBehavior [ RunTime:0.000221s ]
INFO: Run Common\Behavior\UrldecodeGetBehavior [ RunTime:0.000067s ]
INFO: [ app_begin ] --END-- [ RunTime:0.000783s ]
NOTIC: [8] Undefined index: url /Applications/XAMPP/xamppfiles/htdocs/yuanwei/application/Common/Controller/AppframeController.class.php 第 22 行.

[ 2017-06-26T14:53:58+08:00 ] 127.0.0.1 /index.php/user/index/is_login
INFO: [ app_begin ] --START--
INFO: Run Behavior\ReadHtmlCacheBehavior [ RunTime:0.000248s ]
INFO: Run Behavior\CheckLangBehavior [ RunTime:0.000241s ]
INFO: Run Common\Behavior\UrldecodeGetBehavior [ RunTime:0.000073s ]
INFO: [ app_begin ] --END-- [ RunTime:0.000804s ]
NOTIC: [8] Undefined index: url /Applications/XAMPP/xamppfiles/htdocs/yuanwei/application/Common/Controller/AppframeController.class.php 第 22 行.

[ 2017-06-26T14:54:43+08:00 ] 127.0.0.1 /index.php/user/index/is_login
INFO: [ app_begin ] --START--
INFO: Run Behavior\ReadHtmlCacheBehavior [ RunTime:0.000320s ]
INFO: Run Behavior\CheckLangBehavior [ RunTime:0.000314s ]
INFO: Run Common\Behavior\UrldecodeGetBehavior [ RunTime:0.000094s ]
INFO: [ app_begin ] --END-- [ RunTime:0.001037s ]
NOTIC: [8] Undefined index: url /Applications/XAMPP/xamppfiles/htdocs/yuanwei/application/Common/Controller/AppframeController.class.php 第 22 行.

[ 2017-06-26T14:56:18+08:00 ] 127.0.0.1 /index.php/user/index/is_login
INFO: [ app_begin ] --START--
INFO: Run Behavior\ReadHtmlCacheBehavior [ RunTime:0.000314s ]
INFO: Run Behavior\CheckLangBehavior [ RunTime:0.000258s ]
INFO: Run Common\Behavior\UrldecodeGetBehavior [ RunTime:0.000075s ]
INFO: [ app_begin ] --END-- [ RunTime:0.000913s ]
NOTIC: [8] Undefined index: url /Applications/XAMPP/xamppfiles/htdocs/yuanwei/application/Common/Controller/AppframeController.class.php 第 22 行.

[ 2017-06-26T14:57:26+08:00 ] 127.0.0.1 /index.php/user/index/is_login
INFO: [ app_begin ] --START--
INFO: Run Behavior\ReadHtmlCacheBehavior [ RunTime:0.000240s ]
INFO: Run Behavior\CheckLangBehavior [ RunTime:0.000229s ]
INFO: Run Common\Behavior\UrldecodeGetBehavior [ RunTime:0.000070s ]
INFO: [ app_begin ] --END-- [ RunTime:0.000770s ]
NOTIC: [8] Undefined index: url /Applications/XAMPP/xamppfiles/htdocs/yuanwei/application/Common/Controller/AppframeController.class.php 第 22 行.

[ 2017-06-26T14:59:04+08:00 ] 127.0.0.1 /index.php/user/index/is_login
INFO: [ app_begin ] --START--
INFO: Run Behavior\ReadHtmlCacheBehavior [ RunTime:0.000251s ]
INFO: Run Behavior\CheckLangBehavior [ RunTime:0.000222s ]
INFO: Run Common\Behavior\UrldecodeGetBehavior [ RunTime:0.000067s ]
INFO: [ app_begin ] --END-- [ RunTime:0.000784s ]
NOTIC: [8] Undefined index: url /Applications/XAMPP/xamppfiles/htdocs/yuanwei/application/Common/Controller/AppframeController.class.php 第 22 行.

[ 2017-06-26T14:59:49+08:00 ] 127.0.0.1 /index.php/user/index/is_login
INFO: [ app_begin ] --START--
INFO: Run Behavior\ReadHtmlCacheBehavior [ RunTime:0.000323s ]
INFO: Run Behavior\CheckLangBehavior [ RunTime:0.000246s ]
INFO: Run Common\Behavior\UrldecodeGetBehavior [ RunTime:0.000072s ]
INFO: [ app_begin ] --END-- [ RunTime:0.000936s ]
NOTIC: [8] Undefined index: url /Applications/XAMPP/xamppfiles/htdocs/yuanwei/application/Common/Controller/AppframeController.class.php 第 22 行.

[ 2017-06-26T15:01:26+08:00 ] 127.0.0.1 /index.php/user/index/is_login
INFO: [ app_begin ] --START--
INFO: Run Behavior\ReadHtmlCacheBehavior [ RunTime:0.000288s ]
INFO: Run Behavior\CheckLangBehavior [ RunTime:0.000243s ]
INFO: Run Common\Behavior\UrldecodeGetBehavior [ RunTime:0.000070s ]
INFO: [ app_begin ] --END-- [ RunTime:0.000863s ]
NOTIC: [8] Undefined index: url /Applications/XAMPP/xamppfiles/htdocs/yuanwei/application/Common/Controller/AppframeController.class.php 第 22 行.

[ 2017-06-26T15:03:36+08:00 ] 127.0.0.1 /index.php/user/index/is_login
INFO: [ app_begin ] --START--
INFO: Run Behavior\ReadHtmlCacheBehavior [ RunTime:0.000290s ]
INFO: Run Behavior\CheckLangBehavior [ RunTime:0.000275s ]
INFO: Run Common\Behavior\UrldecodeGetBehavior [ RunTime:0.000082s ]
INFO: [ app_begin ] --END-- [ RunTime:0.000959s ]
NOTIC: [8] Undefined index: url /Applications/XAMPP/xamppfiles/htdocs/yuanwei/application/Common/Controller/AppframeController.class.php 第 22 行.

[ 2017-06-26T15:08:27+08:00 ] 127.0.0.1 /index.php/user/index/is_login
INFO: [ app_begin ] --START--
INFO: Run Behavior\ReadHtmlCacheBehavior [ RunTime:0.000509s ]
INFO: Run Behavior\CheckLangBehavior [ RunTime:0.000408s ]
INFO: Run Common\Behavior\UrldecodeGetBehavior [ RunTime:0.000104s ]
INFO: [ app_begin ] --END-- [ RunTime:0.001445s ]
NOTIC: [8] Undefined index: url /Applications/XAMPP/xamppfiles/htdocs/yuanwei/application/Common/Controller/AppframeController.class.php 第 22 行.

[ 2017-06-26T15:08:40+08:00 ] 127.0.0.1 /index.php/user/index/is_login
INFO: [ app_begin ] --START--
INFO: Run Behavior\ReadHtmlCacheBehavior [ RunTime:0.000247s ]
INFO: Run Behavior\CheckLangBehavior [ RunTime:0.000226s ]
INFO: Run Common\Behavior\UrldecodeGetBehavior [ RunTime:0.000069s ]
INFO: [ app_begin ] --END-- [ RunTime:0.000776s ]
NOTIC: [8] Undefined index: url /Applications/XAMPP/xamppfiles/htdocs/yuanwei/application/Common/Controller/AppframeController.class.php 第 22 行.

[ 2017-06-26T15:09:52+08:00 ] 127.0.0.1 /index.php/user/index/is_login
INFO: [ app_begin ] --START--
INFO: Run Behavior\ReadHtmlCacheBehavior [ RunTime:0.000354s ]
INFO: Run Behavior\CheckLangBehavior [ RunTime:0.000266s ]
INFO: Run Common\Behavior\UrldecodeGetBehavior [ RunTime:0.000075s ]
INFO: [ app_begin ] --END-- [ RunTime:0.000949s ]
NOTIC: [8] Undefined index: url /Applications/XAMPP/xamppfiles/htdocs/yuanwei/application/Common/Controller/AppframeController.class.php 第 22 行.

[ 2017-06-26T15:09:56+08:00 ] 127.0.0.1 /index.php/user/index/is_login
INFO: [ app_begin ] --START--
INFO: Run Behavior\ReadHtmlCacheBehavior [ RunTime:0.000455s ]
INFO: Run Behavior\CheckLangBehavior [ RunTime:0.000700s ]
INFO: Run Common\Behavior\UrldecodeGetBehavior [ RunTime:0.000140s ]
INFO: [ app_begin ] --END-- [ RunTime:0.001732s ]
NOTIC: [8] Undefined index: url /Applications/XAMPP/xamppfiles/htdocs/yuanwei/application/Common/Controller/AppframeController.class.php 第 22 行.

[ 2017-06-26T15:13:00+08:00 ] 127.0.0.1 /index.php/user/index/is_login
INFO: [ app_begin ] --START--
INFO: Run Behavior\ReadHtmlCacheBehavior [ RunTime:0.000278s ]
INFO: Run Behavior\CheckLangBehavior [ RunTime:0.000258s ]
INFO: Run Common\Behavior\UrldecodeGetBehavior [ RunTime:0.000076s ]
INFO: [ app_begin ] --END-- [ RunTime:0.000869s ]
NOTIC: [8] Undefined index: url /Applications/XAMPP/xamppfiles/htdocs/yuanwei/application/Common/Controller/AppframeController.class.php 第 22 行.

[ 2017-06-26T15:13:53+08:00 ] 127.0.0.1 /index.php/user/index/is_login
INFO: [ app_begin ] --START--
INFO: Run Behavior\ReadHtmlCacheBehavior [ RunTime:0.000333s ]
INFO: Run Behavior\CheckLangBehavior [ RunTime:0.000275s ]
INFO: Run Common\Behavior\UrldecodeGetBehavior [ RunTime:0.000076s ]
INFO: [ app_begin ] --END-- [ RunTime:0.001010s ]
NOTIC: [8] Undefined index: url /Applications/XAMPP/xamppfiles/htdocs/yuanwei/application/Common/Controller/AppframeController.class.php 第 22 行.

[ 2017-06-26T15:14:19+08:00 ] 127.0.0.1 /index.php/user/index/is_login
INFO: [ app_begin ] --START--
INFO: Run Behavior\ReadHtmlCacheBehavior [ RunTime:0.000413s ]
INFO: Run Behavior\CheckLangBehavior [ RunTime:0.001488s ]
INFO: Run Common\Behavior\UrldecodeGetBehavior [ RunTime:0.000161s ]
INFO: [ app_begin ] --END-- [ RunTime:0.002519s ]
NOTIC: [8] Undefined index: url /Applications/XAMPP/xamppfiles/htdocs/yuanwei/application/Common/Controller/AppframeController.class.php 第 22 行.

[ 2017-06-26T15:15:36+08:00 ] 127.0.0.1 /index.php/user/index/is_login
INFO: [ app_begin ] --START--
INFO: Run Behavior\ReadHtmlCacheBehavior [ RunTime:0.000352s ]
INFO: Run Behavior\CheckLangBehavior [ RunTime:0.000266s ]
INFO: Run Common\Behavior\UrldecodeGetBehavior [ RunTime:0.000077s ]
INFO: [ app_begin ] --END-- [ RunTime:0.000968s ]
NOTIC: [8] Undefined index: url /Applications/XAMPP/xamppfiles/htdocs/yuanwei/application/Common/Controller/AppframeController.class.php 第 22 行.

[ 2017-06-26T15:16:04+08:00 ] 127.0.0.1 /index.php/user/index/is_login
INFO: [ app_begin ] --START--
INFO: Run Behavior\ReadHtmlCacheBehavior [ RunTime:0.000385s ]
INFO: Run Behavior\CheckLangBehavior [ RunTime:0.000287s ]
INFO: Run Common\Behavior\UrldecodeGetBehavior [ RunTime:0.000082s ]
INFO: [ app_begin ] --END-- [ RunTime:0.001181s ]
NOTIC: [8] Undefined index: url /Applications/XAMPP/xamppfiles/htdocs/yuanwei/application/Common/Controller/AppframeController.class.php 第 22 行.

[ 2017-06-26T15:16:19+08:00 ] 127.0.0.1 /index.php/user/index/is_login
INFO: [ app_begin ] --START--
INFO: Run Behavior\ReadHtmlCacheBehavior [ RunTime:0.000386s ]
INFO: Run Behavior\CheckLangBehavior [ RunTime:0.000338s ]
INFO: Run Common\Behavior\UrldecodeGetBehavior [ RunTime:0.000103s ]
INFO: [ app_begin ] --END-- [ RunTime:0.001182s ]
NOTIC: [8] Undefined index: url /Applications/XAMPP/xamppfiles/htdocs/yuanwei/application/Common/Controller/AppframeController.class.php 第 22 行.

[ 2017-06-26T15:16:23+08:00 ] 127.0.0.1 /index.php/user/index/is_login
INFO: [ app_begin ] --START--
INFO: Run Behavior\ReadHtmlCacheBehavior [ RunTime:0.000592s ]
INFO: Run Behavior\CheckLangBehavior [ RunTime:0.001335s ]
INFO: Run Common\Behavior\UrldecodeGetBehavior [ RunTime:0.000212s ]
INFO: [ app_begin ] --END-- [ RunTime:0.002817s ]
NOTIC: [8] Undefined index: url /Applications/XAMPP/xamppfiles/htdocs/yuanwei/application/Common/Controller/AppframeController.class.php 第 22 行.

[ 2017-06-26T15:17:01+08:00 ] 127.0.0.1 /index.php/user/index/is_login
INFO: [ app_begin ] --START--
INFO: Run Behavior\ReadHtmlCacheBehavior [ RunTime:0.000492s ]
INFO: Run Behavior\CheckLangBehavior [ RunTime:0.000585s ]
INFO: Run Common\Behavior\UrldecodeGetBehavior [ RunTime:0.000154s ]
INFO: [ app_begin ] --END-- [ RunTime:0.002258s ]
NOTIC: [8] Undefined index: url /Applications/XAMPP/xamppfiles/htdocs/yuanwei/application/Common/Controller/AppframeController.class.php 第 22 行.

[ 2017-06-26T15:18:08+08:00 ] 127.0.0.1 /index.php/user/index/is_login
INFO: [ app_begin ] --START--
INFO: Run Behavior\ReadHtmlCacheBehavior [ RunTime:0.000393s ]
INFO: Run Behavior\CheckLangBehavior [ RunTime:0.000375s ]
INFO: Run Common\Behavior\UrldecodeGetBehavior [ RunTime:0.000121s ]
INFO: [ app_begin ] --END-- [ RunTime:0.001250s ]
NOTIC: [8] Undefined index: url /Applications/XAMPP/xamppfiles/htdocs/yuanwei/application/Common/Controller/AppframeController.class.php 第 22 行.

[ 2017-06-26T15:18:10+08:00 ] 127.0.0.1 /index.php/user/index/is_login
INFO: [ app_begin ] --START--
INFO: Run Behavior\ReadHtmlCacheBehavior [ RunTime:0.000341s ]
INFO: Run Behavior\CheckLangBehavior [ RunTime:0.000329s ]
INFO: Run Common\Behavior\UrldecodeGetBehavior [ RunTime:0.000102s ]
INFO: [ app_begin ] --END-- [ RunTime:0.001133s ]
NOTIC: [8] Undefined index: url /Applications/XAMPP/xamppfiles/htdocs/yuanwei/application/Common/Controller/AppframeController.class.php 第 22 行.

[ 2017-06-26T15:21:56+08:00 ] 127.0.0.1 /index.php/user/index/is_login
INFO: [ app_begin ] --START--
INFO: Run Behavior\ReadHtmlCacheBehavior [ RunTime:0.000454s ]
INFO: Run Behavior\CheckLangBehavior [ RunTime:0.000444s ]
INFO: Run Common\Behavior\UrldecodeGetBehavior [ RunTime:0.000173s ]
INFO: [ app_begin ] --END-- [ RunTime:0.001479s ]
NOTIC: [8] Undefined index: url /Applications/XAMPP/xamppfiles/htdocs/yuanwei/application/Common/Controller/AppframeController.class.php 第 22 行.

[ 2017-06-26T15:23:48+08:00 ] 127.0.0.1 /index.php/user/index/is_login
INFO: [ app_begin ] --START--
INFO: Run Behavior\ReadHtmlCacheBehavior [ RunTime:0.000333s ]
INFO: Run Behavior\CheckLangBehavior [ RunTime:0.000260s ]
INFO: Run Common\Behavior\UrldecodeGetBehavior [ RunTime:0.000075s ]
INFO: [ app_begin ] --END-- [ RunTime:0.000973s ]
NOTIC: [8] Undefined index: url /Applications/XAMPP/xamppfiles/htdocs/yuanwei/application/Common/Controller/AppframeController.class.php 第 22 行.

[ 2017-06-26T15:24:40+08:00 ] 127.0.0.1 /index.php/user/index/is_login
INFO: [ app_begin ] --START--
INFO: Run Behavior\ReadHtmlCacheBehavior [ RunTime:0.000241s ]
INFO: Run Behavior\CheckLangBehavior [ RunTime:0.000231s ]
INFO: Run Common\Behavior\UrldecodeGetBehavior [ RunTime:0.000072s ]
INFO: [ app_begin ] --END-- [ RunTime:0.000767s ]
NOTIC: [8] Undefined index: url /Applications/XAMPP/xamppfiles/htdocs/yuanwei/application/Common/Controller/AppframeController.class.php 第 22 行.

[ 2017-06-26T15:24:51+08:00 ] 127.0.0.1 /index.php/user/index/is_login
INFO: [ app_begin ] --START--
INFO: Run Behavior\ReadHtmlCacheBehavior [ RunTime:0.000253s ]
INFO: Run Behavior\CheckLangBehavior [ RunTime:0.000241s ]
INFO: Run Common\Behavior\UrldecodeGetBehavior [ RunTime:0.000071s ]
INFO: [ app_begin ] --END-- [ RunTime:0.000806s ]
NOTIC: [8] Undefined index: url /Applications/XAMPP/xamppfiles/htdocs/yuanwei/application/Common/Controller/AppframeController.class.php 第 22 行.

[ 2017-06-26T15:27:16+08:00 ] 127.0.0.1 /index.php/user/index/is_login
INFO: [ app_begin ] --START--
INFO: Run Behavior\ReadHtmlCacheBehavior [ RunTime:0.000310s ]
INFO: Run Behavior\CheckLangBehavior [ RunTime:0.000389s ]
INFO: Run Common\Behavior\UrldecodeGetBehavior [ RunTime:0.000094s ]
INFO: [ app_begin ] --END-- [ RunTime:0.001115s ]
NOTIC: [8] Undefined index: url /Applications/XAMPP/xamppfiles/htdocs/yuanwei/application/Common/Controller/AppframeController.class.php 第 22 行.

[ 2017-06-26T15:27:34+08:00 ] 127.0.0.1 /index.php/user/index/is_login
INFO: [ app_begin ] --START--
INFO: Run Behavior\ReadHtmlCacheBehavior [ RunTime:0.000366s ]
INFO: Run Behavior\CheckLangBehavior [ RunTime:0.000315s ]
INFO: Run Common\Behavior\UrldecodeGetBehavior [ RunTime:0.000089s ]
INFO: [ app_begin ] --END-- [ RunTime:0.001107s ]
NOTIC: [8] Undefined index: url /Applications/XAMPP/xamppfiles/htdocs/yuanwei/application/Common/Controller/AppframeController.class.php 第 22 行.

[ 2017-06-26T15:28:03+08:00 ] 127.0.0.1 /index.php/user/index/is_login
INFO: [ app_begin ] --START--
INFO: Run Behavior\ReadHtmlCacheBehavior [ RunTime:0.000465s ]
INFO: Run Behavior\CheckLangBehavior [ RunTime:0.000267s ]
INFO: Run Common\Behavior\UrldecodeGetBehavior [ RunTime:0.000073s ]
INFO: [ app_begin ] --END-- [ RunTime:0.001149s ]
NOTIC: [8] Undefined index: url /Applications/XAMPP/xamppfiles/htdocs/yuanwei/application/Common/Controller/AppframeController.class.php 第 22 行.

[ 2017-06-26T15:29:20+08:00 ] 127.0.0.1 /index.php/user/index/is_login
INFO: [ app_begin ] --START--
INFO: Run Behavior\ReadHtmlCacheBehavior [ RunTime:0.000247s ]
INFO: Run Behavior\CheckLangBehavior [ RunTime:0.000226s ]
INFO: Run Common\Behavior\UrldecodeGetBehavior [ RunTime:0.000067s ]
INFO: [ app_begin ] --END-- [ RunTime:0.000770s ]
NOTIC: [8] Undefined index: url /Applications/XAMPP/xamppfiles/htdocs/yuanwei/application/Common/Controller/AppframeController.class.php 第 22 行.

[ 2017-06-26T15:29:39+08:00 ] 127.0.0.1 /index.php/user/index/is_login
INFO: [ app_begin ] --START--
INFO: Run Behavior\ReadHtmlCacheBehavior [ RunTime:0.000353s ]
INFO: Run Behavior\CheckLangBehavior [ RunTime:0.000255s ]
INFO: Run Common\Behavior\UrldecodeGetBehavior [ RunTime:0.000071s ]
INFO: [ app_begin ] --END-- [ RunTime:0.000909s ]
NOTIC: [8] Undefined index: url /Applications/XAMPP/xamppfiles/htdocs/yuanwei/application/Common/Controller/AppframeController.class.php 第 22 行.

[ 2017-06-26T15:29:46+08:00 ] 127.0.0.1 /index.php/user/index/is_login
INFO: [ app_begin ] --START--
INFO: Run Behavior\ReadHtmlCacheBehavior [ RunTime:0.000434s ]
INFO: Run Behavior\CheckLangBehavior [ RunTime:0.000314s ]
INFO: Run Common\Behavior\UrldecodeGetBehavior [ RunTime:0.000072s ]
INFO: [ app_begin ] --END-- [ RunTime:0.001243s ]
NOTIC: [8] Undefined index: url /Applications/XAMPP/xamppfiles/htdocs/yuanwei/application/Common/Controller/AppframeController.class.php 第 22 行.

[ 2017-06-26T15:31:40+08:00 ] 127.0.0.1 /index.php/user/index/is_login
INFO: [ app_begin ] --START--
INFO: Run Behavior\ReadHtmlCacheBehavior [ RunTime:0.000410s ]
INFO: Run Behavior\CheckLangBehavior [ RunTime:0.000388s ]
INFO: Run Common\Behavior\UrldecodeGetBehavior [ RunTime:0.000141s ]
INFO: [ app_begin ] --END-- [ RunTime:0.001323s ]
NOTIC: [8] Undefined index: url /Applications/XAMPP/xamppfiles/htdocs/yuanwei/application/Common/Controller/AppframeController.class.php 第 22 行.

[ 2017-06-26T15:32:54+08:00 ] 127.0.0.1 /index.php/user/index/is_login
INFO: [ app_begin ] --START--
INFO: Run Behavior\ReadHtmlCacheBehavior [ RunTime:0.000324s ]
INFO: Run Behavior\CheckLangBehavior [ RunTime:0.000534s ]
INFO: Run Common\Behavior\UrldecodeGetBehavior [ RunTime:0.000236s ]
INFO: [ app_begin ] --END-- [ RunTime:0.001786s ]
NOTIC: [8] Undefined index: url /Applications/XAMPP/xamppfiles/htdocs/yuanwei/application/Common/Controller/AppframeController.class.php 第 22 行.

[ 2017-06-26T15:33:08+08:00 ] 127.0.0.1 /index.php/user/index/is_login
INFO: [ app_begin ] --START--
INFO: Run Behavior\ReadHtmlCacheBehavior [ RunTime:0.000610s ]
INFO: Run Behavior\CheckLangBehavior [ RunTime:0.000605s ]
INFO: Run Common\Behavior\UrldecodeGetBehavior [ RunTime:0.000287s ]
INFO: [ app_begin ] --END-- [ RunTime:0.002406s ]
NOTIC: [8] Undefined index: url /Applications/XAMPP/xamppfiles/htdocs/yuanwei/application/Common/Controller/AppframeController.class.php 第 22 行.

[ 2017-06-26T15:34:12+08:00 ] 127.0.0.1 /index.php/user/index/is_login
INFO: [ app_begin ] --START--
INFO: Run Behavior\ReadHtmlCacheBehavior [ RunTime:0.000251s ]
INFO: Run Behavior\CheckLangBehavior [ RunTime:0.000233s ]
INFO: Run Common\Behavior\UrldecodeGetBehavior [ RunTime:0.000070s ]
INFO: [ app_begin ] --END-- [ RunTime:0.000838s ]
NOTIC: [8] Undefined index: url /Applications/XAMPP/xamppfiles/htdocs/yuanwei/application/Common/Controller/AppframeController.class.php 第 22 行.

[ 2017-06-26T15:37:04+08:00 ] 127.0.0.1 /index.php/user/index/is_login
INFO: [ app_begin ] --START--
INFO: Run Behavior\ReadHtmlCacheBehavior [ RunTime:0.000264s ]
INFO: Run Behavior\CheckLangBehavior [ RunTime:0.000242s ]
INFO: Run Common\Behavior\UrldecodeGetBehavior [ RunTime:0.000074s ]
INFO: [ app_begin ] --END-- [ RunTime:0.000829s ]
NOTIC: [8] Undefined index: url /Applications/XAMPP/xamppfiles/htdocs/yuanwei/application/Common/Controller/AppframeController.class.php 第 22 行.

[ 2017-06-26T15:38:10+08:00 ] 127.0.0.1 /index.php/user/index/is_login
INFO: [ app_begin ] --START--
INFO: Run Behavior\ReadHtmlCacheBehavior [ RunTime:0.000257s ]
INFO: Run Behavior\CheckLangBehavior [ RunTime:0.000230s ]
INFO: Run Common\Behavior\UrldecodeGetBehavior [ RunTime:0.000068s ]
INFO: [ app_begin ] --END-- [ RunTime:0.000881s ]
NOTIC: [8] Undefined index: url /Applications/XAMPP/xamppfiles/htdocs/yuanwei/application/Common/Controller/AppframeController.class.php 第 22 行.

[ 2017-06-26T15:38:33+08:00 ] 127.0.0.1 /index.php/user/index/is_login
INFO: [ app_begin ] --START--
INFO: Run Behavior\ReadHtmlCacheBehavior [ RunTime:0.000228s ]
INFO: Run Behavior\CheckLangBehavior [ RunTime:0.000212s ]
INFO: Run Common\Behavior\UrldecodeGetBehavior [ RunTime:0.000066s ]
INFO: [ app_begin ] --END-- [ RunTime:0.000714s ]
NOTIC: [8] Undefined index: url /Applications/XAMPP/xamppfiles/htdocs/yuanwei/application/Common/Controller/AppframeController.class.php 第 22 行.

[ 2017-06-26T15:38:36+08:00 ] 127.0.0.1 /index.php/user/index/is_login
INFO: [ app_begin ] --START--
INFO: Run Behavior\ReadHtmlCacheBehavior [ RunTime:0.001541s ]
INFO: Run Behavior\CheckLangBehavior [ RunTime:0.000549s ]
INFO: Run Common\Behavior\UrldecodeGetBehavior [ RunTime:0.000894s ]
INFO: [ app_begin ] --END-- [ RunTime:0.004289s ]
NOTIC: [8] Undefined index: url /Applications/XAMPP/xamppfiles/htdocs/yuanwei/application/Common/Controller/AppframeController.class.php 第 22 行.

[ 2017-06-26T15:39:46+08:00 ] 127.0.0.1 /index.php/user/index/is_login
INFO: [ app_begin ] --START--
INFO: Run Behavior\ReadHtmlCacheBehavior [ RunTime:0.000246s ]
INFO: Run Behavior\CheckLangBehavior [ RunTime:0.000229s ]
INFO: Run Common\Behavior\UrldecodeGetBehavior [ RunTime:0.000071s ]
INFO: [ app_begin ] --END-- [ RunTime:0.000768s ]
NOTIC: [8] Undefined index: url /Applications/XAMPP/xamppfiles/htdocs/yuanwei/application/Common/Controller/AppframeController.class.php 第 22 行.

[ 2017-06-26T15:45:47+08:00 ] 127.0.0.1 /index.php/user/index/is_login
INFO: [ app_begin ] --START--
INFO: Run Behavior\ReadHtmlCacheBehavior [ RunTime:0.000798s ]
INFO: Run Behavior\CheckLangBehavior [ RunTime:0.002007s ]
INFO: Run Common\Behavior\UrldecodeGetBehavior [ RunTime:0.000363s ]
INFO: [ app_begin ] --END-- [ RunTime:0.003815s ]
NOTIC: [8] Undefined index: url /Applications/XAMPP/xamppfiles/htdocs/yuanwei/application/Common/Controller/AppframeController.class.php 第 22 行.

[ 2017-06-26T15:45:49+08:00 ] 127.0.0.1 /index.php/user/index/is_login
INFO: [ app_begin ] --START--
INFO: Run Behavior\ReadHtmlCacheBehavior [ RunTime:0.000453s ]
INFO: Run Behavior\CheckLangBehavior [ RunTime:0.000978s ]
INFO: Run Common\Behavior\UrldecodeGetBehavior [ RunTime:0.000162s ]
INFO: [ app_begin ] --END-- [ RunTime:0.002124s ]
NOTIC: [8] Undefined index: url /Applications/XAMPP/xamppfiles/htdocs/yuanwei/application/Common/Controller/AppframeController.class.php 第 22 行.

[ 2017-06-26T15:48:22+08:00 ] 127.0.0.1 /index.php/user/index/is_login
INFO: [ app_begin ] --START--
INFO: Run Behavior\ReadHtmlCacheBehavior [ RunTime:0.000402s ]
INFO: Run Behavior\CheckLangBehavior [ RunTime:0.000730s ]
INFO: Run Common\Behavior\UrldecodeGetBehavior [ RunTime:0.000156s ]
INFO: [ app_begin ] --END-- [ RunTime:0.001823s ]
NOTIC: [8] Undefined index: url /Applications/XAMPP/xamppfiles/htdocs/yuanwei/application/Common/Controller/AppframeController.class.php 第 22 行.

[ 2017-06-26T15:50:09+08:00 ] 127.0.0.1 /index.php/user/index/is_login
INFO: [ app_begin ] --START--
INFO: Run Behavior\ReadHtmlCacheBehavior [ RunTime:0.000420s ]
INFO: Run Behavior\CheckLangBehavior [ RunTime:0.000410s ]
INFO: Run Common\Behavior\UrldecodeGetBehavior [ RunTime:0.000114s ]
INFO: [ app_begin ] --END-- [ RunTime:0.001322s ]
NOTIC: [8] Undefined index: url /Applications/XAMPP/xamppfiles/htdocs/yuanwei/application/Common/Controller/AppframeController.class.php 第 22 行.

[ 2017-06-26T15:56:55+08:00 ] 127.0.0.1 /index.php/user/index/is_login
INFO: [ app_begin ] --START--
INFO: Run Behavior\ReadHtmlCacheBehavior [ RunTime:0.000378s ]
INFO: Run Behavior\CheckLangBehavior [ RunTime:0.000392s ]
INFO: Run Common\Behavior\UrldecodeGetBehavior [ RunTime:0.000128s ]
INFO: [ app_begin ] --END-- [ RunTime:0.001253s ]
NOTIC: [8] Undefined index: url /Applications/XAMPP/xamppfiles/htdocs/yuanwei/application/Common/Controller/AppframeController.class.php 第 22 行.

[ 2017-06-26T15:58:30+08:00 ] 127.0.0.1 /index.php/user/index/is_login
INFO: [ app_begin ] --START--
INFO: Run Behavior\ReadHtmlCacheBehavior [ RunTime:0.000426s ]
INFO: Run Behavior\CheckLangBehavior [ RunTime:0.000441s ]
INFO: Run Common\Behavior\UrldecodeGetBehavior [ RunTime:0.000142s ]
INFO: [ app_begin ] --END-- [ RunTime:0.001406s ]
NOTIC: [8] Undefined index: url /Applications/XAMPP/xamppfiles/htdocs/yuanwei/application/Common/Controller/AppframeController.class.php 第 22 行.

[ 2017-06-26T15:58:55+08:00 ] 127.0.0.1 /index.php/user/index/is_login
INFO: [ app_begin ] --START--
INFO: Run Behavior\ReadHtmlCacheBehavior [ RunTime:0.000319s ]
INFO: Run Behavior\CheckLangBehavior [ RunTime:0.000325s ]
INFO: Run Common\Behavior\UrldecodeGetBehavior [ RunTime:0.000085s ]
INFO: [ app_begin ] --END-- [ RunTime:0.001006s ]
NOTIC: [8] Undefined index: url /Applications/XAMPP/xamppfiles/htdocs/yuanwei/application/Common/Controller/AppframeController.class.php 第 22 行.

[ 2017-06-26T16:01:52+08:00 ] 127.0.0.1 /index.php/user/index/is_login
INFO: [ app_begin ] --START--
INFO: Run Behavior\ReadHtmlCacheBehavior [ RunTime:0.000270s ]
INFO: Run Behavior\CheckLangBehavior [ RunTime:0.000226s ]
INFO: Run Common\Behavior\UrldecodeGetBehavior [ RunTime:0.000069s ]
INFO: [ app_begin ] --END-- [ RunTime:0.000781s ]
NOTIC: [8] Undefined index: url /Applications/XAMPP/xamppfiles/htdocs/yuanwei/application/Common/Controller/AppframeController.class.php 第 22 行.

[ 2017-06-26T16:02:08+08:00 ] 127.0.0.1 /index.php/user/index/is_login
INFO: [ app_begin ] --START--
INFO: Run Behavior\ReadHtmlCacheBehavior [ RunTime:0.000327s ]
INFO: Run Behavior\CheckLangBehavior [ RunTime:0.000333s ]
INFO: Run Common\Behavior\UrldecodeGetBehavior [ RunTime:0.000088s ]
INFO: [ app_begin ] --END-- [ RunTime:0.001251s ]
NOTIC: [8] Undefined index: url /Applications/XAMPP/xamppfiles/htdocs/yuanwei/application/Common/Controller/AppframeController.class.php 第 22 行.

[ 2017-06-26T16:04:16+08:00 ] 127.0.0.1 /index.php/user/index/is_login
INFO: [ app_begin ] --START--
INFO: Run Behavior\ReadHtmlCacheBehavior [ RunTime:0.000371s ]
INFO: Run Behavior\CheckLangBehavior [ RunTime:0.000354s ]
INFO: Run Common\Behavior\UrldecodeGetBehavior [ RunTime:0.000111s ]
INFO: [ app_begin ] --END-- [ RunTime:0.001188s ]
NOTIC: [8] Undefined index: url /Applications/XAMPP/xamppfiles/htdocs/yuanwei/application/Common/Controller/AppframeController.class.php 第 22 行.

[ 2017-06-26T16:07:08+08:00 ] 127.0.0.1 /index.php/user/index/is_login
INFO: [ app_begin ] --START--
INFO: Run Behavior\ReadHtmlCacheBehavior [ RunTime:0.000233s ]
INFO: Run Behavior\CheckLangBehavior [ RunTime:0.000217s ]
INFO: Run Common\Behavior\UrldecodeGetBehavior [ RunTime:0.000067s ]
INFO: [ app_begin ] --END-- [ RunTime:0.000740s ]
NOTIC: [8] Undefined index: url /Applications/XAMPP/xamppfiles/htdocs/yuanwei/application/Common/Controller/AppframeController.class.php 第 22 行.

[ 2017-06-26T16:07:40+08:00 ] 127.0.0.1 /index.php/user/index/is_login
INFO: [ app_begin ] --START--
INFO: Run Behavior\ReadHtmlCacheBehavior [ RunTime:0.000239s ]
INFO: Run Behavior\CheckLangBehavior [ RunTime:0.000222s ]
INFO: Run Common\Behavior\UrldecodeGetBehavior [ RunTime:0.000073s ]
INFO: [ app_begin ] --END-- [ RunTime:0.000750s ]
NOTIC: [8] Undefined index: url /Applications/XAMPP/xamppfiles/htdocs/yuanwei/application/Common/Controller/AppframeController.class.php 第 22 行.

[ 2017-06-26T16:09:24+08:00 ] 127.0.0.1 /index.php/user/index/is_login
INFO: [ app_begin ] --START--
INFO: Run Behavior\ReadHtmlCacheBehavior [ RunTime:0.001380s ]
INFO: Run Behavior\CheckLangBehavior [ RunTime:0.000584s ]
INFO: Run Common\Behavior\UrldecodeGetBehavior [ RunTime:0.000187s ]
INFO: [ app_begin ] --END-- [ RunTime:0.002604s ]
NOTIC: [8] Undefined index: url /Applications/XAMPP/xamppfiles/htdocs/yuanwei/application/Common/Controller/AppframeController.class.php 第 22 行.

[ 2017-06-26T16:09:56+08:00 ] 127.0.0.1 /index.php/user/index/is_login
INFO: [ app_begin ] --START--
INFO: Run Behavior\ReadHtmlCacheBehavior [ RunTime:0.000252s ]
INFO: Run Behavior\CheckLangBehavior [ RunTime:0.000234s ]
INFO: Run Common\Behavior\UrldecodeGetBehavior [ RunTime:0.000067s ]
INFO: [ app_begin ] --END-- [ RunTime:0.000819s ]
NOTIC: [8] Undefined index: url /Applications/XAMPP/xamppfiles/htdocs/yuanwei/application/Common/Controller/AppframeController.class.php 第 22 行.

[ 2017-06-26T16:10:09+08:00 ] 127.0.0.1 /index.php/user/index/is_login
INFO: [ app_begin ] --START--
INFO: Run Behavior\ReadHtmlCacheBehavior [ RunTime:0.000319s ]
INFO: Run Behavior\CheckLangBehavior [ RunTime:0.000383s ]
INFO: Run Common\Behavior\UrldecodeGetBehavior [ RunTime:0.000097s ]
INFO: [ app_begin ] --END-- [ RunTime:0.001097s ]
NOTIC: [8] Undefined index: url /Applications/XAMPP/xamppfiles/htdocs/yuanwei/application/Common/Controller/AppframeController.class.php 第 22 行.

[ 2017-06-26T16:10:34+08:00 ] 127.0.0.1 /index.php/user/index/is_login
INFO: [ app_begin ] --START--
INFO: Run Behavior\ReadHtmlCacheBehavior [ RunTime:0.000800s ]
INFO: Run Behavior\CheckLangBehavior [ RunTime:0.000907s ]
INFO: Run Common\Behavior\UrldecodeGetBehavior [ RunTime:0.000273s ]
INFO: [ app_begin ] --END-- [ RunTime:0.002475s ]
NOTIC: [8] Undefined index: url /Applications/XAMPP/xamppfiles/htdocs/yuanwei/application/Common/Controller/AppframeController.class.php 第 22 行.

[ 2017-06-26T16:10:53+08:00 ] 127.0.0.1 /index.php/user/index/is_login
INFO: [ app_begin ] --START--
INFO: Run Behavior\ReadHtmlCacheBehavior [ RunTime:0.000495s ]
INFO: Run Behavior\CheckLangBehavior [ RunTime:0.001194s ]
INFO: Run Common\Behavior\UrldecodeGetBehavior [ RunTime:0.000143s ]
INFO: [ app_begin ] --END-- [ RunTime:0.002482s ]
NOTIC: [8] Undefined index: url /Applications/XAMPP/xamppfiles/htdocs/yuanwei/application/Common/Controller/AppframeController.class.php 第 22 行.

[ 2017-06-26T16:11:20+08:00 ] 127.0.0.1 /index.php/user/index/is_login
INFO: [ app_begin ] --START--
INFO: Run Behavior\ReadHtmlCacheBehavior [ RunTime:0.000490s ]
INFO: Run Behavior\CheckLangBehavior [ RunTime:0.000430s ]
INFO: Run Common\Behavior\UrldecodeGetBehavior [ RunTime:0.000156s ]
INFO: [ app_begin ] --END-- [ RunTime:0.001481s ]
NOTIC: [8] Undefined index: url /Applications/XAMPP/xamppfiles/htdocs/yuanwei/application/Common/Controller/AppframeController.class.php 第 22 行.

[ 2017-06-26T16:11:40+08:00 ] 127.0.0.1 /index.php/user/index/is_login
INFO: [ app_begin ] --START--
INFO: Run Behavior\ReadHtmlCacheBehavior [ RunTime:0.000581s ]
INFO: Run Behavior\CheckLangBehavior [ RunTime:0.000857s ]
INFO: Run Common\Behavior\UrldecodeGetBehavior [ RunTime:0.000112s ]
INFO: [ app_begin ] --END-- [ RunTime:0.001948s ]
NOTIC: [8] Undefined index: url /Applications/XAMPP/xamppfiles/htdocs/yuanwei/application/Common/Controller/AppframeController.class.php 第 22 行.

[ 2017-06-26T16:13:07+08:00 ] 127.0.0.1 /index.php/user/index/is_login
INFO: [ app_begin ] --START--
INFO: Run Behavior\ReadHtmlCacheBehavior [ RunTime:0.000339s ]
INFO: Run Behavior\CheckLangBehavior [ RunTime:0.000244s ]
INFO: Run Common\Behavior\UrldecodeGetBehavior [ RunTime:0.000073s ]
INFO: [ app_begin ] --END-- [ RunTime:0.001035s ]
NOTIC: [8] Undefined index: url /Applications/XAMPP/xamppfiles/htdocs/yuanwei/application/Common/Controller/AppframeController.class.php 第 22 行.

[ 2017-06-26T16:15:19+08:00 ] 127.0.0.1 /index.php/user/index/is_login
INFO: [ app_begin ] --START--
INFO: Run Behavior\ReadHtmlCacheBehavior [ RunTime:0.000295s ]
INFO: Run Behavior\CheckLangBehavior [ RunTime:0.000253s ]
INFO: Run Common\Behavior\UrldecodeGetBehavior [ RunTime:0.000068s ]
INFO: [ app_begin ] --END-- [ RunTime:0.001095s ]
NOTIC: [8] Undefined index: url /Applications/XAMPP/xamppfiles/htdocs/yuanwei/application/Common/Controller/AppframeController.class.php 第 22 行.

[ 2017-06-26T16:16:27+08:00 ] 127.0.0.1 /index.php/user/index/is_login
INFO: [ app_begin ] --START--
INFO: Run Behavior\ReadHtmlCacheBehavior [ RunTime:0.000391s ]
INFO: Run Behavior\CheckLangBehavior [ RunTime:0.000360s ]
INFO: Run Common\Behavior\UrldecodeGetBehavior [ RunTime:0.000109s ]
INFO: [ app_begin ] --END-- [ RunTime:0.001232s ]
NOTIC: [8] Undefined index: url /Applications/XAMPP/xamppfiles/htdocs/yuanwei/application/Common/Controller/AppframeController.class.php 第 22 行.

[ 2017-06-26T16:16:37+08:00 ] 127.0.0.1 /index.php/user/index/is_login
INFO: [ app_begin ] --START--
INFO: Run Behavior\ReadHtmlCacheBehavior [ RunTime:0.000221s ]
INFO: Run Behavior\CheckLangBehavior [ RunTime:0.000205s ]
INFO: Run Common\Behavior\UrldecodeGetBehavior [ RunTime:0.000063s ]
INFO: [ app_begin ] --END-- [ RunTime:0.000698s ]
NOTIC: [8] Undefined index: url /Applications/XAMPP/xamppfiles/htdocs/yuanwei/application/Common/Controller/AppframeController.class.php 第 22 行.

[ 2017-06-26T16:16:41+08:00 ] 127.0.0.1 /index.php/user/index/is_login
INFO: [ app_begin ] --START--
INFO: Run Behavior\ReadHtmlCacheBehavior [ RunTime:0.000410s ]
INFO: Run Behavior\CheckLangBehavior [ RunTime:0.000422s ]
INFO: Run Common\Behavior\UrldecodeGetBehavior [ RunTime:0.000143s ]
INFO: [ app_begin ] --END-- [ RunTime:0.001399s ]
NOTIC: [8] Undefined index: url /Applications/XAMPP/xamppfiles/htdocs/yuanwei/application/Common/Controller/AppframeController.class.php 第 22 行.

[ 2017-06-26T16:19:47+08:00 ] 127.0.0.1 /index.php/user/index/is_login
INFO: [ app_begin ] --START--
INFO: Run Behavior\ReadHtmlCacheBehavior [ RunTime:0.000437s ]
INFO: Run Behavior\CheckLangBehavior [ RunTime:0.000435s ]
INFO: Run Common\Behavior\UrldecodeGetBehavior [ RunTime:0.000128s ]
INFO: [ app_begin ] --END-- [ RunTime:0.001441s ]
NOTIC: [8] Undefined index: url /Applications/XAMPP/xamppfiles/htdocs/yuanwei/application/Common/Controller/AppframeController.class.php 第 22 行.

[ 2017-06-26T16:20:16+08:00 ] 127.0.0.1 /index.php/user/index/is_login
INFO: [ app_begin ] --START--
INFO: Run Behavior\ReadHtmlCacheBehavior [ RunTime:0.000389s ]
INFO: Run Behavior\CheckLangBehavior [ RunTime:0.000444s ]
INFO: Run Common\Behavior\UrldecodeGetBehavior [ RunTime:0.000126s ]
INFO: [ app_begin ] --END-- [ RunTime:0.001368s ]
NOTIC: [8] Undefined index: url /Applications/XAMPP/xamppfiles/htdocs/yuanwei/application/Common/Controller/AppframeController.class.php 第 22 行.

[ 2017-06-26T16:20:49+08:00 ] 127.0.0.1 /index.php/user/index/is_login
INFO: [ app_begin ] --START--
INFO: Run Behavior\ReadHtmlCacheBehavior [ RunTime:0.000388s ]
INFO: Run Behavior\CheckLangBehavior [ RunTime:0.000367s ]
INFO: Run Common\Behavior\UrldecodeGetBehavior [ RunTime:0.000124s ]
INFO: [ app_begin ] --END-- [ RunTime:0.001234s ]
NOTIC: [8] Undefined index: url /Applications/XAMPP/xamppfiles/htdocs/yuanwei/application/Common/Controller/AppframeController.class.php 第 22 行.

[ 2017-06-26T16:22:43+08:00 ] 127.0.0.1 /index.php/user/index/is_login
INFO: [ app_begin ] --START--
INFO: Run Behavior\ReadHtmlCacheBehavior [ RunTime:0.000252s ]
INFO: Run Behavior\CheckLangBehavior [ RunTime:0.000232s ]
INFO: Run Common\Behavior\UrldecodeGetBehavior [ RunTime:0.000072s ]
INFO: [ app_begin ] --END-- [ RunTime:0.000809s ]
NOTIC: [8] Undefined index: url /Applications/XAMPP/xamppfiles/htdocs/yuanwei/application/Common/Controller/AppframeController.class.php 第 22 行.

[ 2017-06-26T16:25:21+08:00 ] 127.0.0.1 /index.php/user/index/is_login
INFO: [ app_begin ] --START--
INFO: Run Behavior\ReadHtmlCacheBehavior [ RunTime:0.000362s ]
INFO: Run Behavior\CheckLangBehavior [ RunTime:0.000355s ]
INFO: Run Common\Behavior\UrldecodeGetBehavior [ RunTime:0.000124s ]
INFO: [ app_begin ] --END-- [ RunTime:0.001198s ]
NOTIC: [8] Undefined index: url /Applications/XAMPP/xamppfiles/htdocs/yuanwei/application/Common/Controller/AppframeController.class.php 第 22 行.

[ 2017-06-26T16:25:46+08:00 ] 127.0.0.1 /index.php/user/index/is_login
INFO: [ app_begin ] --START--
INFO: Run Behavior\ReadHtmlCacheBehavior [ RunTime:0.000330s ]
INFO: Run Behavior\CheckLangBehavior [ RunTime:0.000356s ]
INFO: Run Common\Behavior\UrldecodeGetBehavior [ RunTime:0.000102s ]
INFO: [ app_begin ] --END-- [ RunTime:0.001128s ]
NOTIC: [8] Undefined index: url /Applications/XAMPP/xamppfiles/htdocs/yuanwei/application/Common/Controller/AppframeController.class.php 第 22 行.

[ 2017-06-26T16:29:19+08:00 ] 127.0.0.1 /index.php/user/index/is_login
INFO: [ app_begin ] --START--
INFO: Run Behavior\ReadHtmlCacheBehavior [ RunTime:0.000431s ]
INFO: Run Behavior\CheckLangBehavior [ RunTime:0.000388s ]
INFO: Run Common\Behavior\UrldecodeGetBehavior [ RunTime:0.000111s ]
INFO: [ app_begin ] --END-- [ RunTime:0.001301s ]
NOTIC: [8] Undefined index: url /Applications/XAMPP/xamppfiles/htdocs/yuanwei/application/Common/Controller/AppframeController.class.php 第 22 行.

[ 2017-06-26T16:30:00+08:00 ] 127.0.0.1 /index.php/user/index/is_login
INFO: [ app_begin ] --START--
INFO: Run Behavior\ReadHtmlCacheBehavior [ RunTime:0.000253s ]
INFO: Run Behavior\CheckLangBehavior [ RunTime:0.000282s ]
INFO: Run Common\Behavior\UrldecodeGetBehavior [ RunTime:0.000113s ]
INFO: [ app_begin ] --END-- [ RunTime:0.000902s ]
NOTIC: [8] Undefined index: url /Applications/XAMPP/xamppfiles/htdocs/yuanwei/application/Common/Controller/AppframeController.class.php 第 22 行.

